execve("./hello", ["./hello"], [/* 8 vars */]) = 0 <0.001323>
brk(NULL)                               = 0x173f000 <0.000013>
access("/etc/ld.so.nohwcap", F_OK)      = -1 ENOENT (No such file or directory) <0.000019>
access("/etc/ld.so.preload", R_OK)      = -1 ENOENT (No such file or directory) <0.000018>
open("/etc/ld.so.cache", O_RDONLY|O_CLOEXEC) = 3 <0.000021>
fstat(3, {st_mode=S_IFREG|0644, st_size=12040, ...}) = 0 <0.000013>
mmap(NULL, 12040, PROT_READ, MAP_PRIVATE, 3, 0) = 0x7f0a693d0000 <0.000015>
close(3)                                = 0 <0.000014>
access("/etc/ld.so.nohwcap", F_OK)      = -1 ENOENT (No such file or directory) <0.000015>
open("/lib/x86_64-linux-gnu/libc.so.6", O_RDONLY|O_CLOEXEC) = 3 <0.000028>
read(3, "\177ELF\2\1\1\3\0\0\0\0\0\0\0\0\3\0>\0\1\0\0\0P\t\2\0\0\0\0\0"..., 832) = 832 <0.000066>
fstat(3, {st_mode=S_IFREG|0755, st_size=1868984, ...}) = 0 <0.000023>
mmap(NULL, 4096, PROT_READ|PROT_WRITE, MAP_PRIVATE|MAP_ANONYMOUS, -1, 0) = 0x7f0a693cf000 <0.000024>
mmap(NULL, 3971488, PROT_READ|PROT_EXEC, MAP_PRIVATE|MAP_DENYWRITE, 3, 0) = 0x7f0a68de4000 <0.000027>
mprotect(0x7f0a68fa4000, 2097152, PROT_NONE) = 0 <0.000024>
mmap(0x7f0a691a4000, 24576, PROT_READ|PROT_WRITE, MAP_PRIVATE|MAP_FIXED|MAP_DENYWRITE, 3, 0x1c0000) = 0x7f0a691a4000 <0.000029>
mmap(0x7f0a691aa000, 14752, PROT_READ|PROT_WRITE, MAP_PRIVATE|MAP_FIXED|MAP_ANONYMOUS, -1, 0) = 0x7f0a691aa000 <0.000017>
close(3)                                = 0 <0.000022>
mmap(NULL, 4096, PROT_READ|PROT_WRITE, MAP_PRIVATE|MAP_ANONYMOUS, -1, 0) = 0x7f0a693ce000 <0.000017>
mmap(NULL, 4096, PROT_READ|PROT_WRITE, MAP_PRIVATE|MAP_ANONYMOUS, -1, 0) = 0x7f0a693cd000 <0.000013>
arch_prctl(ARCH_SET_FS, 0x7f0a693ce700) = 0 <0.000011>
mprotect(0x7f0a691a4000, 16384, PROT_READ) = 0 <0.000018>
mprotect(0x600000, 4096, PROT_READ)     = 0 <0.000016>
mprotect(0x7f0a693d3000, 4096, PROT_READ) = 0 <0.000020>
munmap(0x7f0a693d0000, 12040)           = 0 <0.000029>
fstat(1, {st_mode=S_IFCHR|0620, st_rdev=makedev(136, 0), ...}) = 0 <0.000014>
brk(NULL)                               = 0x173f000 <0.000011>
brk(0x1760000)                          = 0x1760000 <0.000018>
write(1, "hello world\n", 12)           = 12 <0.000030>
exit_group(0)                           = ?
+++ exited with 0 +++
